Build started 29/8/2014 1:14:38 AM.
     1>Project "C:\Users\Craiggie\Desktop\SP1TYPIE\SP1Framework\SP1Framework\SP1Framework.vcxproj" on node 2 (build target(s)).
     1>InitializeBuildStatus:
         Creating "Debug\SP1Framework.unsuccessfulbuild" because "AlwaysCreate" was specified.
       ClCompile:
         C:\Program Files (x86)\Microsoft Visual Studio 10.0\VC\bin\CL.exe /c /ZI /nologo /W3 /WX- /Od /Oy- /D WIN32 /D _DEBUG /D _CONSOLE /D _UNICODE /D UNICODE /Gm /EHsc /RTC1 /MDd /GS /fp:precise /Zc:wchar_t /Zc:forScope /Fo"Debug\\" /Fd"Debug\vc100.pdb" /Gd /TP /analyze- /errorReport:prompt Framework\console.cpp Framework\timer.cpp game.cpp gamefunction.cpp main.cpp
         main.cpp
         gamefunction.cpp
         game.cpp
     1>c:\users\craiggie\desktop\sp1typie\sp1framework\sp1framework\game.cpp(65): warning C4244: 'argument' : conversion from 'time_t' to 'unsigned int', possible loss of data
     1>c:\users\craiggie\desktop\sp1typie\sp1framework\sp1framework\game.cpp(438): warning C4244: 'argument' : conversion from 'short' to 'char', possible loss of data
     1>c:\users\craiggie\desktop\sp1typie\sp1framework\sp1framework\game.cpp(443): warning C4244: 'argument' : conversion from 'short' to 'char', possible loss of data
     1>c:\users\craiggie\desktop\sp1typie\sp1framework\sp1framework\game.cpp(454): warning C4244: 'argument' : conversion from 'double' to 'char', possible loss of data
     1>c:\users\craiggie\desktop\sp1typie\sp1framework\sp1framework\game.cpp(469): warning C4244: 'argument' : conversion from 'double' to 'int', possible loss of data
     1>c:\users\craiggie\desktop\sp1typie\sp1framework\sp1framework\game.cpp(470): warning C4244: 'argument' : conversion from 'double' to 'int', possible loss of data
     1>c:\users\craiggie\desktop\sp1typie\sp1framework\sp1framework\game.cpp(471): warning C4244: 'argument' : conversion from 'double' to 'int', possible loss of data
     1>c:\users\craiggie\desktop\sp1typie\sp1framework\sp1framework\game.cpp(472): warning C4244: 'argument' : conversion from 'double' to 'int', possible loss of data
         timer.cpp
         console.cpp
         Generating Code...
       ManifestResourceCompile:
         C:\Program Files (x86)\Microsoft SDKs\Windows\v7.0A\bin\rc.exe /nologo /fo"Debug\SP1Framework.exe.embed.manifest.res" Debug\SP1Framework_manifest.rc 
       Link:
         C:\Program Files (x86)\Microsoft Visual Studio 10.0\VC\bin\link.exe /ERRORREPORT:PROMPT /OUT:"C:\Users\Craiggie\Desktop\SP1TYPIE\SP1Framework\Debug\SP1Framework.exe" /INCREMENTAL /NOLOGO winmm.lib kernel32.lib user32.lib gdi32.lib winspool.lib comdlg32.lib advapi32.lib shell32.lib ole32.lib oleaut32.lib uuid.lib odbc32.lib odbccp32.lib /MANIFEST /ManifestFile:"Debug\SP1Framework.exe.intermediate.manifest" /MANIFESTUAC:"level='asInvoker' uiAccess='false'" /DEBUG /PDB:"C:\Users\Craiggie\Desktop\SP1TYPIE\SP1Framework\Debug\SP1Framework.pdb" /SUBSYSTEM:CONSOLE /TLBID:1 /DYNAMICBASE /NXCOMPAT /IMPLIB:"C:\Users\Craiggie\Desktop\SP1TYPIE\SP1Framework\Debug\SP1Framework.lib" /MACHINE:X86 Debug\SP1Framework.exe.embed.manifest.res
         Debug\console.obj
         Debug\timer.obj
         Debug\game.obj
         Debug\gamefunction.obj
         Debug\main.obj
         LINK : C:\Users\Craiggie\Desktop\SP1TYPIE\SP1Framework\Debug\SP1Framework.exe not found or not built by the last incremental link; performing full link
       Manifest:
         C:\Program Files (x86)\Microsoft SDKs\Windows\v7.0A\bin\mt.exe /nologo /verbose /out:"Debug\SP1Framework.exe.embed.manifest" /manifest Debug\SP1Framework.exe.intermediate.manifest
         All outputs are up-to-date.
       LinkEmbedManifest:
         All outputs are up-to-date.
         SP1Framework.vcxproj -> C:\Users\Craiggie\Desktop\SP1TYPIE\SP1Framework\Debug\SP1Framework.exe
       FinalizeBuildStatus:
         Deleting file "Debug\SP1Framework.unsuccessfulbuild".
         Touching "Debug\SP1Framework.lastbuildstate".
     1>Done Building Project "C:\Users\Craiggie\Desktop\SP1TYPIE\SP1Framework\SP1Framework\SP1Framework.vcxproj" (build target(s)).

Build succeeded.

Time Elapsed 00:00:03.32
